INFO 2025-06-27 01:06:23,185 views Profil verisi sorgulandý: Kullanýcý=erhan
ERROR 2025-06-27 01:06:23,206 views Profil verisi alýnamadý: Durum Kodu=401
INFO 2025-06-27 01:06:26,483 views Kullanýcý çýkýþ yaptý: erhan
INFO 2025-06-27 01:06:28,998 views Kullanýcý giriþ yaptý: erhan
INFO 2025-06-27 01:06:29,022 views Anasayfa görüntülendi. Kullanýcý: erhan
INFO 2025-06-27 01:06:31,538 views Profil (sadece okuma) verisi sorgulandý: Kullanýcý=erhan
INFO 2025-06-27 15:29:56,137 views Anasayfa görüntülendi. Kullanýcý: erhan
INFO 2025-06-27 15:30:04,039 views Kullanýcý giriþ yaptý: erhan
INFO 2025-06-27 15:30:04,063 views Anasayfa görüntülendi. Kullanýcý: erhan
INFO 2025-06-27 15:30:06,125 views Anasayfa görüntülendi. Kullanýcý: erhan
INFO 2025-06-27 15:30:10,184 views Günlükler baþarýyla listelendi. Kullanýcý: erhan
INFO 2025-06-27 15:30:19,839 views Günlük baþarýyla eklendi. Kullanýcý: erhan, Baþlýk: testtsttets
INFO 2025-06-27 15:30:20,078 views Günlükler baþarýyla listelendi. Kullanýcý: erhan
INFO 2025-06-27 15:30:27,376 views Günlükler baþarýyla listelendi. Kullanýcý: erhan
INFO 2025-06-27 15:30:34,301 views Profil (sadece okuma) verisi sorgulandý: Kullanýcý=erhan
INFO 2025-06-27 15:30:37,175 views Profil verisi sorgulandý: Kullanýcý=erhan
INFO 2025-06-27 15:30:42,101 views Profil güncelleme denemesi: Kullanýcý=erhan
INFO 2025-06-27 15:30:42,169 views Profil baþarýyla güncellendi: Kullanýcý=erhan
INFO 2025-06-27 15:30:42,174 views Profil verisi sorgulandý: Kullanýcý=erhan
INFO 2025-06-27 15:30:46,407 views Profil (sadece okuma) verisi sorgulandý: Kullanýcý=erhan
INFO 2025-06-27 15:30:50,312 views Arama yapýlýyor. Kullanýcý: erhan, Sorgu: 'test2'
INFO 2025-06-27 15:30:50,320 views Arama baþarýlý. Kullanýcý: erhan, Sonuç sayýsý: 1
INFO 2025-06-27 15:30:53,485 views Günlük detay görüntülendi. Kullanýcý: erhan, Günlük ID: 2
INFO 2025-06-27 15:30:55,888 views Günlük baþarýyla güncellendi. ID: 2, Kullanýcý: erhan
INFO 2025-06-27 15:30:56,115 views Günlükler baþarýyla listelendi. Kullanýcý: erhan
INFO 2025-06-27 15:31:03,555 views Günlük detay görüntülendi. Kullanýcý: erhan, Günlük ID: 11
INFO 2025-06-27 15:31:06,130 views Günlük baþarýyla güncellendi. ID: 11, Kullanýcý: erhan
INFO 2025-06-27 15:31:06,370 views Günlükler baþarýyla listelendi. Kullanýcý: erhan
INFO 2025-06-27 15:31:09,541 views Günlük baþarýyla silindi. ID: 11, Kullanýcý: erhan
INFO 2025-06-27 15:31:09,826 views Günlükler baþarýyla listelendi. Kullanýcý: erhan
